Starting Selenium Grid
[jenkins] $ /usr/lib/jvm/java-11-openjdk-amd64/bin/java -cp /var/cache/jenkins/war/WEB-INF/lib/remoting-3077.vd69cf116da_6f.jar:/var/lib/jenkins/plugins/selenium/WEB-INF/lib/selenium-server-standalone-3.141.59.jar:/var/lib/jenkins/plugins/selenium/WEB-INF/lib/htmlunit-driver-standalone-2.33.3.jar hudson.remoting.Launcher -connectTo localhost:33339
Starting Selenium Grid
channel started
Feb 27, 2023 12:14:43 PM hudson.plugins.selenium.HubLauncher call
OFF: Grid hub starting with log level INFO
Feb 27, 2023 12:14:44 PM hudson.plugins.selenium.HubLauncher call
OFF: Grid Hub preparing to start on port 4444
2023-02-27 12:14:46.431:INFO::pool-1-thread-2 for channel id=34: Logging initialized @4117ms to org.seleniumhq.jetty9.util.log.StdErrLog
2023-02-27 12:14:46.645:INFO:osjs.Server:pool-1-thread-2 for channel id=34: jetty-9.4.z-SNAPSHOT; built: 2018-08-30T13:59:14.071Z; git: 27208684755d94a92186989f695db2d7b21ebc51; jvm 11.0.17+8-post-Ubuntu-1ubuntu220.04
2023-02-27 12:14:46.704:INFO:osjs.session:pool-1-thread-2 for channel id=34: DefaultSessionIdManager workerName=node0
2023-02-27 12:14:46.705:INFO:osjs.session:pool-1-thread-2 for channel id=34: No SessionScavenger set, using defaults
2023-02-27 12:14:46.709:INFO:osjs.session:pool-1-thread-2 for channel id=34: node0 Scavenging every 600000ms
2023-02-27 12:14:46.723:INFO:osjsh.ContextHandler:pool-1-thread-2 for channel id=34: Started o.s.j.s.ServletContextHandler@719d2a4{/,null,AVAILABLE}
Feb 27, 2023 12:14:46 PM org.openqa.grid.internal.DefaultGridRegistry assignRequestToProxy
INFO: Shutting down registry.
2023-02-27 12:14:46.746:INFO:osjs.AbstractConnector:pool-1-thread-2 for channel id=34: Stopped ServerConnector@eac7657{HTTP/1.1,[http/1.1]}{3.111.34.243:4444}
2023-02-27 12:14:46.747:INFO:osjs.session:pool-1-thread-2 for channel id=34: node0 Stopped scavenging
2023-02-27 12:14:46.748:INFO:osjsh.ContextHandler:pool-1-thread-2 for channel id=34: Stopped o.s.j.s.ServletContextHandler@719d2a4{/,null,UNAVAILABLE}
Feb 27, 2023 12:14:46 PM org.openqa.grid.web.Hub start
SEVERE: Port 4444 is busy, please choose a free port for the hub and specify it using -port option
Feb 27, 2023 12:14:46 PM hudson.plugins.selenium.HubLauncher call
OFF: Grid Hub started on port 4444 with args: -maxSession 5 -timeout 300 -browserTimeout 0 -host 3.111.34.243
