Started at Mon Feb 27 12:17:27 UTC 2023
Processing Build
Offering Build to Project Build Discarder
Processing c_project
Offering c_project to Project Build Discarder
Processing Deploy
Offering Deploy to Project Build Discarder
Processing Java_Project
Offering Java_Project to Project Build Discarder
Processing Test
Offering Test to Project Build Discarder
Finished at Mon Feb 27 12:17:27 UTC 2023. 6ms
Started at Mon Feb 27 13:17:27 UTC 2023
Processing Build
Offering Build to Project Build Discarder
Processing c_project
Offering c_project to Project Build Discarder
Processing Deploy
Offering Deploy to Project Build Discarder
Processing Java_Project
Offering Java_Project to Project Build Discarder
Processing Test
Offering Test to Project Build Discarder
Finished at Mon Feb 27 13:17:27 UTC 2023. 2ms
